# JRE version: OpenJDK Runtime Environment Temurin-21.0.6+7 (21.0.6+7) (build 21.0.6+7-LTS)
# Java VM: OpenJDK 64-Bit Server VM Temurin-21.0.6+7 (21.0.6+7-LTS, mixed mode, sharing, tiered, compressed oops, compressed class ptrs, parallel gc, windows-amd64)
GC Precious Log:
 CardTable entry size: 512
 CPUs: 8 total, 8 available
 Memory: 7991M
 Large Page Support: Disabled
 NUMA Support: Disabled
 Compressed Oops: Enabled (32-bit)
 Alignments: Space 512K, Generation 512K, Heap 2M
 Heap Min Capacity: 100M
 Heap Initial Capacity: 100M
 Heap Max Capacity: 1G
 Pre-touch: Disabled
 Parallel Workers: 8
Heap:
 PSYoungGen      total 9728K, used 9722K [0x00000000eab00000, 0x00000000eb880000, 0x0000000100000000)
  eden space 9216K, 99% used [0x00000000eab00000,0x00000000eb3febe8,0x00000000eb400000)
  from space 512K, 100% used [0x00000000eb800000,0x00000000eb880000,0x00000000eb880000)
  to   space 1024K, 100% used [0x00000000eb700000,0x00000000eb800000,0x00000000eb800000)
 ParOldGen       total 486400K, used 485899K [0x00000000c0000000, 0x00000000ddb00000, 0x00000000eab00000)
  object space 486400K, 99% used [0x00000000c0000000,0x00000000dda82de0,0x00000000ddb00000)
 Metaspace       used 65907K, committed 67456K, reserved 1114112K
  class space    used 6727K, committed 7360K, reserved 1048576K
GC Heap History (20 events):
Event: 61.765 GC heap before
{Heap before GC invocations=374 (full 3):
 PSYoungGen      total 9728K, used 9664K [0x00000000eab00000, 0x00000000ebb00000, 0x0000000100000000)
  eden space 9216K, 100% used [0x00000000eab00000,0x00000000eb400000,0x00000000eb400000)
  from space 512K, 87% used [0x00000000eba80000,0x00000000ebaf0000,0x00000000ebb00000)
  to   space 1024K, 0% used [0x00000000eb900000,0x00000000eb900000,0x00000000eba00000)
 ParOldGen       total 422912K, used 422505K [0x00000000c0000000, 0x00000000d9d00000, 0x00000000eab00000)
  object space 422912K, 99% used [0x00000000c0000000,0x00000000d9c9a728,0x00000000d9d00000)
 Metaspace       used 61167K, committed 62592K, reserved 1114112K
  class space    used 6232K, committed 6848K, reserved 1048576K
}
Event: 61.770 GC heap after
{Heap after GC invocations=374 (full 3):
 PSYoungGen      total 10240K, used 992K [0x00000000eab00000, 0x00000000ebb00000, 0x0000000100000000)
  eden space 9216K, 0% used [0x00000000eab00000,0x00000000eab00000,0x00000000eb400000)
  from space 1024K, 96% used [0x00000000eb900000,0x00000000eb9f8010,0x00000000eba00000)
  to   space 1024K, 0% used [0x00000000eba00000,0x00000000eba00000,0x00000000ebb00000)
 ParOldGen       total 423424K, used 423049K [0x00000000c0000000, 0x00000000d9d80000, 0x00000000eab00000)
  object space 423424K, 99% used [0x00000000c0000000,0x00000000d9d22748,0x00000000d9d80000)
 Metaspace       used 61167K, committed 62592K, reserved 1114112K
  class space    used 6232K, committed 6848K, reserved 1048576K
}
Event: 62.500 GC heap before
{Heap before GC invocations=375 (full 3):
 PSYoungGen      total 10240K, used 10208K [0x00000000eab00000, 0x00000000ebb00000, 0x0000000100000000)
  eden space 9216K, 100% used [0x00000000eab00000,0x00000000eb400000,0x00000000eb400000)
  from space 1024K, 96% used [0x00000000eb900000,0x00000000eb9f8010,0x00000000eba00000)
  to   space 1024K, 0% used [0x00000000eba00000,0x00000000eba00000,0x00000000ebb00000)
 ParOldGen       total 423424K, used 423049K [0x00000000c0000000, 0x00000000d9d80000, 0x00000000eab00000)
  object space 423424K, 99% used [0x00000000c0000000,0x00000000d9d22748,0x00000000d9d80000)
 Metaspace       used 61211K, committed 62592K, reserved 1114112K
  class space    used 6239K, committed 6848K, reserved 1048576K
}
Event: 62.505 GC heap after
{Heap after GC invocations=375 (full 3):
 PSYoungGen      total 10240K, used 1024K [0x00000000eab00000, 0x00000000ebb00000, 0x0000000100000000)
  eden space 9216K, 0% used [0x00000000eab00000,0x00000000eab00000,0x00000000eb400000)
  from space 1024K, 100% used [0x00000000eba00000,0x00000000ebb00000,0x00000000ebb00000)
  to   space 2560K, 0% used [0x00000000eb600000,0x00000000eb600000,0x00000000eb880000)
 ParOldGen       total 424448K, used 424245K [0x00000000c0000000, 0x00000000d9e80000, 0x00000000eab00000)
  object space 424448K, 99% used [0x00000000c0000000,0x00000000d9e4d5c0,0x00000000d9e80000)
 Metaspace       used 61211K, committed 62592K, reserved 1114112K
  class space    used 6239K, committed 6848K, reserved 1048576K
}
Event: 62.790 GC heap before
{Heap before GC invocations=376 (full 3):
 PSYoungGen      total 10240K, used 10240K [0x00000000eab00000, 0x00000000ebb00000, 0x0000000100000000)
  eden space 9216K, 100% used [0x00000000eab00000,0x00000000eb400000,0x00000000eb400000)
  from space 1024K, 100% used [0x00000000eba00000,0x00000000ebb00000,0x00000000ebb00000)
  to   space 2560K, 0% used [0x00000000eb600000,0x00000000eb600000,0x00000000eb880000)
 ParOldGen       total 424448K, used 424245K [0x00000000c0000000, 0x00000000d9e80000, 0x00000000eab00000)
  object space 424448K, 99% used [0x00000000c0000000,0x00000000d9e4d5c0,0x00000000d9e80000)
 Metaspace       used 61385K, committed 62784K, reserved 1114112K
  class space    used 6269K, committed 6912K, reserved 1048576K
}
Event: 62.795 GC heap after
{Heap after GC invocations=376 (full 3):
 PSYoungGen      total 11776K, used 1376K [0x00000000eab00000, 0x00000000eba80000, 0x0000000100000000)
  eden space 9216K, 0% used [0x00000000eab00000,0x00000000eab00000,0x00000000eb400000)
  from space 2560K, 53% used [0x00000000eb600000,0x00000000eb758000,0x00000000eb880000)
  to   space 2048K, 0% used [0x00000000eb880000,0x00000000eb880000,0x00000000eba80000)
 ParOldGen       total 425472K, used 425077K [0x00000000c0000000, 0x00000000d9f80000, 0x00000000eab00000)
  object space 425472K, 99% used [0x00000000c0000000,0x00000000d9f1d5c0,0x00000000d9f80000)
 Metaspace       used 61385K, committed 62784K, reserved 1114112K
  class space    used 6269K, committed 6912K, reserved 1048576K
}
Event: 63.179 GC heap before
{Heap before GC invocations=377 (full 3):
 PSYoungGen      total 11776K, used 10592K [0x00000000eab00000, 0x00000000eba80000, 0x0000000100000000)
  eden space 9216K, 100% used [0x00000000eab00000,0x00000000eb400000,0x00000000eb400000)
  from space 2560K, 53% used [0x00000000eb600000,0x00000000eb758000,0x00000000eb880000)
  to   space 2048K, 0% used [0x00000000eb880000,0x00000000eb880000,0x00000000eba80000)
 ParOldGen       total 425472K, used 425077K [0x00000000c0000000, 0x00000000d9f80000, 0x00000000eab00000)
  object space 425472K, 99% used [0x00000000c0000000,0x00000000d9f1d5c0,0x00000000d9f80000)
 Metaspace       used 61958K, committed 63424K, reserved 1114112K
  class space    used 6327K, committed 6976K, reserved 1048576K
}
Event: 63.182 GC heap after
{Heap after GC invocations=377 (full 3):
 PSYoungGen      total 10240K, used 538K [0x00000000eab00000, 0x00000000eb980000, 0x0000000100000000)
  eden space 9216K, 0% used [0x00000000eab00000,0x00000000eab00000,0x00000000eb400000)
  from space 1024K, 52% used [0x00000000eb880000,0x00000000eb9068c8,0x00000000eb980000)
  to   space 1024K, 0% used [0x00000000eb780000,0x00000000eb780000,0x00000000eb880000)
 ParOldGen       total 425984K, used 425629K [0x00000000c0000000, 0x00000000da000000, 0x00000000eab00000)
  object space 425984K, 99% used [0x00000000c0000000,0x00000000d9fa75c0,0x00000000da000000)
 Metaspace       used 61958K, committed 63424K, reserved 1114112K
  class space    used 6327K, committed 6976K, reserved 1048576K
}
Event: 63.497 GC heap before
{Heap before GC invocations=378 (full 3):
 PSYoungGen      total 10240K, used 9754K [0x00000000eab00000, 0x00000000eb980000, 0x0000000100000000)
  eden space 9216K, 99% used [0x00000000eab00000,0x00000000eb3ffff0,0x00000000eb400000)
  from space 1024K, 52% used [0x00000000eb880000,0x00000000eb9068c8,0x00000000eb980000)
  to   space 1024K, 0% used [0x00000000eb780000,0x00000000eb780000,0x00000000eb880000)
 ParOldGen       total 425984K, used 425629K [0x00000000c0000000, 0x00000000da000000, 0x00000000eab00000)
  object space 425984K, 99% used [0x00000000c0000000,0x00000000d9fa75c0,0x00000000da000000)
 Metaspace       used 62814K, committed 64320K, reserved 1114112K
  class space    used 6409K, committed 7040K, reserved 1048576K
}
Event: 63.501 GC heap after
{Heap after GC invocations=378 (full 3):
 PSYoungGen      total 10240K, used 668K [0x00000000eab00000, 0x00000000eb900000, 0x0000000100000000)
  eden space 9216K, 0% used [0x00000000eab00000,0x00000000eab00000,0x00000000eb400000)
  from space 1024K, 65% used [0x00000000eb780000,0x00000000eb8270a0,0x00000000eb880000)
  to   space 512K, 0% used [0x00000000eb880000,0x00000000eb880000,0x00000000eb900000)
 ParOldGen       total 426496K, used 426081K [0x00000000c0000000, 0x00000000da080000, 0x00000000eab00000)
  object space 426496K, 99% used [0x00000000c0000000,0x00000000da018618,0x00000000da080000)
 Metaspace       used 62814K, committed 64320K, reserved 1114112K
  class space    used 6409K, committed 7040K, reserved 1048576K
}
Event: 63.764 GC heap before
{Heap before GC invocations=379 (full 3):
 PSYoungGen      total 10240K, used 9884K [0x00000000eab00000, 0x00000000eb900000, 0x0000000100000000)
  eden space 9216K, 100% used [0x00000000eab00000,0x00000000eb400000,0x00000000eb400000)
  from space 1024K, 65% used [0x00000000eb780000,0x00000000eb8270a0,0x00000000eb880000)
  to   space 512K, 0% used [0x00000000eb880000,0x00000000eb880000,0x00000000eb900000)
 ParOldGen       total 426496K, used 426081K [0x00000000c0000000, 0x00000000da080000, 0x00000000eab00000)
  object space 426496K, 99% used [0x00000000c0000000,0x00000000da018618,0x00000000da080000)
 Metaspace       used 63823K, committed 65344K, reserved 1114112K
  class space    used 6530K, committed 7168K, reserved 1048576K
}
Event: 63.766 GC heap after
{Heap after GC invocations=379 (full 3):
 PSYoungGen      total 9728K, used 480K [0x00000000eab00000, 0x00000000eb900000, 0x0000000100000000)
  eden space 9216K, 0% used [0x00000000eab00000,0x00000000eab00000,0x00000000eb400000)
  from space 512K, 93% used [0x00000000eb880000,0x00000000eb8f8020,0x00000000eb900000)
  to   space 1024K, 0% used [0x00000000eb700000,0x00000000eb700000,0x00000000eb800000)
 ParOldGen       total 426496K, used 426333K [0x00000000c0000000, 0x00000000da080000, 0x00000000eab00000)
  object space 426496K, 99% used [0x00000000c0000000,0x00000000da057770,0x00000000da080000)
 Metaspace       used 63823K, committed 65344K, reserved 1114112K
  class space    used 6530K, committed 7168K, reserved 1048576K
}
Event: 64.077 GC heap before
{Heap before GC invocations=380 (full 3):
 PSYoungGen      total 9728K, used 9696K [0x00000000eab00000, 0x00000000eb900000, 0x0000000100000000)
  eden space 9216K, 100% used [0x00000000eab00000,0x00000000eb400000,0x00000000eb400000)
  from space 512K, 93% used [0x00000000eb880000,0x00000000eb8f8020,0x00000000eb900000)
  to   space 1024K, 0% used [0x00000000eb700000,0x00000000eb700000,0x00000000eb800000)
 ParOldGen       total 426496K, used 426333K [0x00000000c0000000, 0x00000000da080000, 0x00000000eab00000)
  object space 426496K, 99% used [0x00000000c0000000,0x00000000da057770,0x00000000da080000)
 Metaspace       used 64965K, committed 66496K, reserved 1114112K
  class space    used 6646K, committed 7296K, reserved 1048576K
}
Event: 64.081 GC heap after
{Heap after GC invocations=380 (full 3):
 PSYoungGen      total 10240K, used 832K [0x00000000eab00000, 0x00000000eb900000, 0x0000000100000000)
  eden space 9216K, 0% used [0x00000000eab00000,0x00000000eab00000,0x00000000eb400000)
  from space 1024K, 81% used [0x00000000eb700000,0x00000000eb7d0020,0x00000000eb800000)
  to   space 1024K, 0% used [0x00000000eb800000,0x00000000eb800000,0x00000000eb900000)
 ParOldGen       total 428544K, used 427975K [0x00000000c0000000, 0x00000000da280000, 0x00000000eab00000)
  object space 428544K, 99% used [0x00000000c0000000,0x00000000da1f1e90,0x00000000da280000)
 Metaspace       used 64965K, committed 66496K, reserved 1114112K
  class space    used 6646K, committed 7296K, reserved 1048576K
}
Event: 64.140 GC heap before
{Heap before GC invocations=381 (full 3):
 PSYoungGen      total 10240K, used 9236K [0x00000000eab00000, 0x00000000eb900000, 0x0000000100000000)
  eden space 9216K, 91% used [0x00000000eab00000,0x00000000eb335118,0x00000000eb400000)
  from space 1024K, 81% used [0x00000000eb700000,0x00000000eb7d0020,0x00000000eb800000)
  to   space 1024K, 0% used [0x00000000eb800000,0x00000000eb800000,0x00000000eb900000)
 ParOldGen       total 428544K, used 427975K [0x00000000c0000000, 0x00000000da280000, 0x00000000eab00000)
  object space 428544K, 99% used [0x00000000c0000000,0x00000000da1f1e90,0x00000000da280000)
 Metaspace       used 65521K, committed 67136K, reserved 1114112K
  class space    used 6682K, committed 7360K, reserved 1048576K
}
Event: 64.144 GC heap after
{Heap after GC invocations=381 (full 3):
 PSYoungGen      total 10240K, used 560K [0x00000000eab00000, 0x00000000eb900000, 0x0000000100000000)
  eden space 9216K, 0% used [0x00000000eab00000,0x00000000eab00000,0x00000000eb400000)
  from space 1024K, 54% used [0x00000000eb800000,0x00000000eb88c030,0x00000000eb900000)
  to   space 1024K, 0% used [0x00000000eb700000,0x00000000eb700000,0x00000000eb800000)
 ParOldGen       total 432640K, used 431911K [0x00000000c0000000, 0x00000000da680000, 0x00000000eab00000)
  object space 432640K, 99% used [0x00000000c0000000,0x00000000da5c9c00,0x00000000da680000)
 Metaspace       used 65521K, committed 67136K, reserved 1114112K
  class space    used 6682K, committed 7360K, reserved 1048576K
}
Event: 64.249 GC heap before
{Heap before GC invocations=382 (full 3):
 PSYoungGen      total 10240K, used 9776K [0x00000000eab00000, 0x00000000eb900000, 0x0000000100000000)
  eden space 9216K, 100% used [0x00000000eab00000,0x00000000eb400000,0x00000000eb400000)
  from space 1024K, 54% used [0x00000000eb800000,0x00000000eb88c030,0x00000000eb900000)
  to   space 1024K, 0% used [0x00000000eb700000,0x00000000eb700000,0x00000000eb800000)
 ParOldGen       total 478208K, used 476909K [0x00000000c0000000, 0x00000000dd300000, 0x00000000eab00000)
  object space 478208K, 99% used [0x00000000c0000000,0x00000000dd1bb760,0x00000000dd300000)
 Metaspace       used 65681K, committed 67264K, reserved 1114112K
  class space    used 6704K, committed 7360K, reserved 1048576K
}
Event: 64.252 GC heap after
{Heap after GC invocations=382 (full 3):
 PSYoungGen      total 10240K, used 992K [0x00000000eab00000, 0x00000000eb880000, 0x0000000100000000)
  eden space 9216K, 0% used [0x00000000eab00000,0x00000000eab00000,0x00000000eb400000)
  from space 1024K, 96% used [0x00000000eb700000,0x00000000eb7f8020,0x00000000eb800000)
  to   space 512K, 0% used [0x00000000eb800000,0x00000000eb800000,0x00000000eb880000)
 ParOldGen       total 478208K, used 477311K [0x00000000c0000000, 0x00000000dd300000, 0x00000000eab00000)
  object space 478208K, 99% used [0x00000000c0000000,0x00000000dd21fef8,0x00000000dd300000)
 Metaspace       used 65681K, committed 67264K, reserved 1114112K
  class space    used 6704K, committed 7360K, reserved 1048576K
}
Event: 64.287 GC heap before
{Heap before GC invocations=383 (full 3):
 PSYoungGen      total 10240K, used 10208K [0x00000000eab00000, 0x00000000eb880000, 0x0000000100000000)
  eden space 9216K, 100% used [0x00000000eab00000,0x00000000eb400000,0x00000000eb400000)
  from space 1024K, 96% used [0x00000000eb700000,0x00000000eb7f8020,0x00000000eb800000)
  to   space 512K, 0% used [0x00000000eb800000,0x00000000eb800000,0x00000000eb880000)
 ParOldGen       total 478208K, used 477311K [0x00000000c0000000, 0x00000000dd300000, 0x00000000eab00000)
  object space 478208K, 99% used [0x00000000c0000000,0x00000000dd21fef8,0x00000000dd300000)
 Metaspace       used 65817K, committed 67392K, reserved 1114112K
  class space    used 6717K, committed 7360K, reserved 1048576K
}
Event: 64.294 GC heap after
{Heap after GC invocations=383 (full 3):
 PSYoungGen      total 9728K, used 512K [0x00000000eab00000, 0x00000000eb880000, 0x0000000100000000)
  eden space 9216K, 0% used [0x00000000eab00000,0x00000000eab00000,0x00000000eb400000)
  from space 512K, 100% used [0x00000000eb800000,0x00000000eb880000,0x00000000eb880000)
  to   space 1024K, 0% used [0x00000000eb700000,0x00000000eb700000,0x00000000eb800000)
 ParOldGen       total 483840K, used 483627K [0x00000000c0000000, 0x00000000dd880000, 0x00000000eab00000)
  object space 483840K, 99% used [0x00000000c0000000,0x00000000dd84ade0,0x00000000dd880000)
 Metaspace       used 65817K, committed 67392K, reserved 1114112K
  class space    used 6717K, committed 7360K, reserved 1048576K
}

