# JRE version: OpenJDK Runtime Environment Temurin-21.0.6+7 (21.0.6+7) (build 21.0.6+7-LTS)
# Java VM: OpenJDK 64-Bit Server VM Temurin-21.0.6+7 (21.0.6+7-LTS, mixed mode, sharing, tiered, compressed oops, compressed class ptrs, parallel gc, windows-amd64)
GC Precious Log:
 CardTable entry size: 512
 CPUs: 8 total, 8 available
 Memory: 7991M
 Large Page Support: Disabled
 NUMA Support: Disabled
 Compressed Oops: Enabled (32-bit)
 Alignments: Space 512K, Generation 512K, Heap 2M
 Heap Min Capacity: 100M
 Heap Initial Capacity: 100M
 Heap Max Capacity: 1G
 Pre-touch: Disabled
 Parallel Workers: 8
Heap:
 PSYoungGen      total 5632K, used 4006K [0x00000000eab00000, 0x00000000eb380000, 0x0000000100000000)
  eden space 4096K, 60% used [0x00000000eab00000,0x00000000ead6c9c0,0x00000000eaf00000)
  from space 1536K, 99% used [0x00000000eb200000,0x00000000eb37cfd0,0x00000000eb380000)
  to   space 2048K, 0% used [0x00000000eaf80000,0x00000000eaf80000,0x00000000eb180000)
 ParOldGen       total 664064K, used 232982K [0x00000000c0000000, 0x00000000e8880000, 0x00000000eab00000)
  object space 664064K, 35% used [0x00000000c0000000,0x00000000ce385940,0x00000000e8880000)
 Metaspace       used 61635K, committed 62976K, reserved 1114112K
  class space    used 6489K, committed 7104K, reserved 1048576K
GC Heap History (20 events):
Event: 64.067 GC heap before
{Heap before GC invocations=844 (full 3):
 PSYoungGen      total 5120K, used 4672K [0x00000000eab00000, 0x00000000eb100000, 0x0000000100000000)
  eden space 4096K, 100% used [0x00000000eab00000,0x00000000eaf00000,0x00000000eaf00000)
  from space 1024K, 56% used [0x00000000eb000000,0x00000000eb090000,0x00000000eb100000)
  to   space 1024K, 0% used [0x00000000eaf00000,0x00000000eaf00000,0x00000000eb000000)
 ParOldGen       total 664064K, used 222485K [0x00000000c0000000, 0x00000000e8880000, 0x00000000eab00000)
  object space 664064K, 33% used [0x00000000c0000000,0x00000000cd945438,0x00000000e8880000)
 Metaspace       used 60761K, committed 62144K, reserved 1114112K
  class space    used 6399K, committed 7040K, reserved 1048576K
}
Event: 64.069 GC heap after
{Heap after GC invocations=844 (full 3):
 PSYoungGen      total 5120K, used 582K [0x00000000eab00000, 0x00000000eb100000, 0x0000000100000000)
  eden space 4096K, 0% used [0x00000000eab00000,0x00000000eab00000,0x00000000eaf00000)
  from space 1024K, 56% used [0x00000000eaf00000,0x00000000eaf91b48,0x00000000eb000000)
  to   space 1024K, 0% used [0x00000000eb000000,0x00000000eb000000,0x00000000eb100000)
 ParOldGen       total 664064K, used 222949K [0x00000000c0000000, 0x00000000e8880000, 0x00000000eab00000)
  object space 664064K, 33% used [0x00000000c0000000,0x00000000cd9b9438,0x00000000e8880000)
 Metaspace       used 60761K, committed 62144K, reserved 1114112K
  class space    used 6399K, committed 7040K, reserved 1048576K
}
Event: 64.080 GC heap before
{Heap before GC invocations=845 (full 3):
 PSYoungGen      total 5120K, used 4678K [0x00000000eab00000, 0x00000000eb100000, 0x0000000100000000)
  eden space 4096K, 100% used [0x00000000eab00000,0x00000000eaf00000,0x00000000eaf00000)
  from space 1024K, 56% used [0x00000000eaf00000,0x00000000eaf91b48,0x00000000eb000000)
  to   space 1024K, 0% used [0x00000000eb000000,0x00000000eb000000,0x00000000eb100000)
 ParOldGen       total 664064K, used 222949K [0x00000000c0000000, 0x00000000e8880000, 0x00000000eab00000)
  object space 664064K, 33% used [0x00000000c0000000,0x00000000cd9b9438,0x00000000e8880000)
 Metaspace       used 60765K, committed 62144K, reserved 1114112K
  class space    used 6399K, committed 7040K, reserved 1048576K
}
Event: 64.082 GC heap after
{Heap after GC invocations=845 (full 3):
 PSYoungGen      total 4608K, used 448K [0x00000000eab00000, 0x00000000eb080000, 0x0000000100000000)
  eden space 4096K, 0% used [0x00000000eab00000,0x00000000eab00000,0x00000000eaf00000)
  from space 512K, 87% used [0x00000000eb000000,0x00000000eb070000,0x00000000eb080000)
  to   space 512K, 0% used [0x00000000eaf80000,0x00000000eaf80000,0x00000000eb000000)
 ParOldGen       total 664064K, used 223516K [0x00000000c0000000, 0x00000000e8880000, 0x00000000eab00000)
  object space 664064K, 33% used [0x00000000c0000000,0x00000000cda471b8,0x00000000e8880000)
 Metaspace       used 60765K, committed 62144K, reserved 1114112K
  class space    used 6399K, committed 7040K, reserved 1048576K
}
Event: 64.095 GC heap before
{Heap before GC invocations=846 (full 3):
 PSYoungGen      total 4608K, used 4544K [0x00000000eab00000, 0x00000000eb080000, 0x0000000100000000)
  eden space 4096K, 100% used [0x00000000eab00000,0x00000000eaf00000,0x00000000eaf00000)
  from space 512K, 87% used [0x00000000eb000000,0x00000000eb070000,0x00000000eb080000)
  to   space 512K, 0% used [0x00000000eaf80000,0x00000000eaf80000,0x00000000eb000000)
 ParOldGen       total 664064K, used 223516K [0x00000000c0000000, 0x00000000e8880000, 0x00000000eab00000)
  object space 664064K, 33% used [0x00000000c0000000,0x00000000cda471b8,0x00000000e8880000)
 Metaspace       used 60766K, committed 62144K, reserved 1114112K
  class space    used 6399K, committed 7040K, reserved 1048576K
}
Event: 64.096 GC heap after
{Heap after GC invocations=846 (full 3):
 PSYoungGen      total 4608K, used 498K [0x00000000eab00000, 0x00000000eb100000, 0x0000000100000000)
  eden space 4096K, 0% used [0x00000000eab00000,0x00000000eab00000,0x00000000eaf00000)
  from space 512K, 97% used [0x00000000eaf80000,0x00000000eaffc800,0x00000000eb000000)
  to   space 1024K, 0% used [0x00000000eb000000,0x00000000eb000000,0x00000000eb100000)
 ParOldGen       total 664064K, used 223868K [0x00000000c0000000, 0x00000000e8880000, 0x00000000eab00000)
  object space 664064K, 33% used [0x00000000c0000000,0x00000000cda9f1b8,0x00000000e8880000)
 Metaspace       used 60766K, committed 62144K, reserved 1114112K
  class space    used 6399K, committed 7040K, reserved 1048576K
}
Event: 64.111 GC heap before
{Heap before GC invocations=847 (full 3):
 PSYoungGen      total 4608K, used 4594K [0x00000000eab00000, 0x00000000eb100000, 0x0000000100000000)
  eden space 4096K, 100% used [0x00000000eab00000,0x00000000eaf00000,0x00000000eaf00000)
  from space 512K, 97% used [0x00000000eaf80000,0x00000000eaffc800,0x00000000eb000000)
  to   space 1024K, 0% used [0x00000000eb000000,0x00000000eb000000,0x00000000eb100000)
 ParOldGen       total 664064K, used 223868K [0x00000000c0000000, 0x00000000e8880000, 0x00000000eab00000)
  object space 664064K, 33% used [0x00000000c0000000,0x00000000cda9f1b8,0x00000000e8880000)
 Metaspace       used 60766K, committed 62144K, reserved 1114112K
  class space    used 6399K, committed 7040K, reserved 1048576K
}
Event: 64.112 GC heap after
{Heap after GC invocations=847 (full 3):
 PSYoungGen      total 5120K, used 429K [0x00000000eab00000, 0x00000000eb100000, 0x0000000100000000)
  eden space 4096K, 0% used [0x00000000eab00000,0x00000000eab00000,0x00000000eaf00000)
  from space 1024K, 41% used [0x00000000eb000000,0x00000000eb06b7a0,0x00000000eb100000)
  to   space 1024K, 0% used [0x00000000eaf00000,0x00000000eaf00000,0x00000000eb000000)
 ParOldGen       total 664064K, used 224306K [0x00000000c0000000, 0x00000000e8880000, 0x00000000eab00000)
  object space 664064K, 33% used [0x00000000c0000000,0x00000000cdb0c848,0x00000000e8880000)
 Metaspace       used 60766K, committed 62144K, reserved 1114112K
  class space    used 6399K, committed 7040K, reserved 1048576K
}
Event: 64.137 GC heap before
{Heap before GC invocations=848 (full 3):
 PSYoungGen      total 5120K, used 4517K [0x00000000eab00000, 0x00000000eb100000, 0x0000000100000000)
  eden space 4096K, 99% used [0x00000000eab00000,0x00000000eaefdf60,0x00000000eaf00000)
  from space 1024K, 41% used [0x00000000eb000000,0x00000000eb06b7a0,0x00000000eb100000)
  to   space 1024K, 0% used [0x00000000eaf00000,0x00000000eaf00000,0x00000000eb000000)
 ParOldGen       total 664064K, used 224306K [0x00000000c0000000, 0x00000000e8880000, 0x00000000eab00000)
  object space 664064K, 33% used [0x00000000c0000000,0x00000000cdb0c848,0x00000000e8880000)
 Metaspace       used 60773K, committed 62144K, reserved 1114112K
  class space    used 6399K, committed 7040K, reserved 1048576K
}
Event: 64.139 GC heap after
{Heap after GC invocations=848 (full 3):
 PSYoungGen      total 5120K, used 998K [0x00000000eab00000, 0x00000000eb300000, 0x0000000100000000)
  eden space 4096K, 0% used [0x00000000eab00000,0x00000000eab00000,0x00000000eaf00000)
  from space 1024K, 97% used [0x00000000eaf00000,0x00000000eaff9800,0x00000000eb000000)
  to   space 2048K, 0% used [0x00000000eb100000,0x00000000eb100000,0x00000000eb300000)
 ParOldGen       total 664064K, used 224912K [0x00000000c0000000, 0x00000000e8880000, 0x00000000eab00000)
  object space 664064K, 33% used [0x00000000c0000000,0x00000000cdba4268,0x00000000e8880000)
 Metaspace       used 60773K, committed 62144K, reserved 1114112K
  class space    used 6399K, committed 7040K, reserved 1048576K
}
Event: 64.166 GC heap before
{Heap before GC invocations=849 (full 3):
 PSYoungGen      total 5120K, used 5094K [0x00000000eab00000, 0x00000000eb300000, 0x0000000100000000)
  eden space 4096K, 100% used [0x00000000eab00000,0x00000000eaf00000,0x00000000eaf00000)
  from space 1024K, 97% used [0x00000000eaf00000,0x00000000eaff9800,0x00000000eb000000)
  to   space 2048K, 0% used [0x00000000eb100000,0x00000000eb100000,0x00000000eb300000)
 ParOldGen       total 664064K, used 224912K [0x00000000c0000000, 0x00000000e8880000, 0x00000000eab00000)
  object space 664064K, 33% used [0x00000000c0000000,0x00000000cdba4268,0x00000000e8880000)
 Metaspace       used 60795K, committed 62144K, reserved 1114112K
  class space    used 6399K, committed 7040K, reserved 1048576K
}
Event: 64.168 GC heap after
{Heap after GC invocations=849 (full 3):
 PSYoungGen      total 5632K, used 1455K [0x00000000eab00000, 0x00000000eb280000, 0x0000000100000000)
  eden space 4096K, 0% used [0x00000000eab00000,0x00000000eab00000,0x00000000eaf00000)
  from space 1536K, 94% used [0x00000000eb100000,0x00000000eb26bc00,0x00000000eb280000)
  to   space 1536K, 0% used [0x00000000eaf80000,0x00000000eaf80000,0x00000000eb100000)
 ParOldGen       total 664064K, used 225555K [0x00000000c0000000, 0x00000000e8880000, 0x00000000eab00000)
  object space 664064K, 33% used [0x00000000c0000000,0x00000000cdc44e68,0x00000000e8880000)
 Metaspace       used 60795K, committed 62144K, reserved 1114112K
  class space    used 6399K, committed 7040K, reserved 1048576K
}
Event: 64.212 GC heap before
{Heap before GC invocations=850 (full 3):
 PSYoungGen      total 5632K, used 5551K [0x00000000eab00000, 0x00000000eb280000, 0x0000000100000000)
  eden space 4096K, 100% used [0x00000000eab00000,0x00000000eaf00000,0x00000000eaf00000)
  from space 1536K, 94% used [0x00000000eb100000,0x00000000eb26bc00,0x00000000eb280000)
  to   space 1536K, 0% used [0x00000000eaf80000,0x00000000eaf80000,0x00000000eb100000)
 ParOldGen       total 664064K, used 225555K [0x00000000c0000000, 0x00000000e8880000, 0x00000000eab00000)
  object space 664064K, 33% used [0x00000000c0000000,0x00000000cdc44e68,0x00000000e8880000)
 Metaspace       used 60848K, committed 62208K, reserved 1114112K
  class space    used 6410K, committed 7040K, reserved 1048576K
}
Event: 64.214 GC heap after
{Heap after GC invocations=850 (full 3):
 PSYoungGen      total 5632K, used 1531K [0x00000000eab00000, 0x00000000eb600000, 0x0000000100000000)
  eden space 4096K, 0% used [0x00000000eab00000,0x00000000eab00000,0x00000000eaf00000)
  from space 1536K, 99% used [0x00000000eaf80000,0x00000000eb0fec00,0x00000000eb100000)
  to   space 3584K, 0% used [0x00000000eb280000,0x00000000eb280000,0x00000000eb600000)
 ParOldGen       total 664064K, used 226943K [0x00000000c0000000, 0x00000000e8880000, 0x00000000eab00000)
  object space 664064K, 34% used [0x00000000c0000000,0x00000000cdd9fd00,0x00000000e8880000)
 Metaspace       used 60848K, committed 62208K, reserved 1114112K
  class space    used 6410K, committed 7040K, reserved 1048576K
}
Event: 64.249 GC heap before
{Heap before GC invocations=851 (full 3):
 PSYoungGen      total 5632K, used 5591K [0x00000000eab00000, 0x00000000eb600000, 0x0000000100000000)
  eden space 4096K, 99% used [0x00000000eab00000,0x00000000eaef72d0,0x00000000eaf00000)
  from space 1536K, 99% used [0x00000000eaf80000,0x00000000eb0fec00,0x00000000eb100000)
  to   space 3584K, 0% used [0x00000000eb280000,0x00000000eb280000,0x00000000eb600000)
 ParOldGen       total 664064K, used 226943K [0x00000000c0000000, 0x00000000e8880000, 0x00000000eab00000)
  object space 664064K, 34% used [0x00000000c0000000,0x00000000cdd9fd00,0x00000000e8880000)
 Metaspace       used 60892K, committed 62208K, reserved 1114112K
  class space    used 6413K, committed 7040K, reserved 1048576K
}
Event: 64.252 GC heap after
{Heap after GC invocations=851 (full 3):
 PSYoungGen      total 7168K, used 2571K [0x00000000eab00000, 0x00000000eb580000, 0x0000000100000000)
  eden space 4096K, 0% used [0x00000000eab00000,0x00000000eab00000,0x00000000eaf00000)
  from space 3072K, 83% used [0x00000000eb280000,0x00000000eb502f40,0x00000000eb580000)
  to   space 3072K, 0% used [0x00000000eaf80000,0x00000000eaf80000,0x00000000eb280000)
 ParOldGen       total 664064K, used 228257K [0x00000000c0000000, 0x00000000e8880000, 0x00000000eab00000)
  object space 664064K, 34% used [0x00000000c0000000,0x00000000cdee8630,0x00000000e8880000)
 Metaspace       used 60892K, committed 62208K, reserved 1114112K
  class space    used 6413K, committed 7040K, reserved 1048576K
}
Event: 64.310 GC heap before
{Heap before GC invocations=852 (full 3):
 PSYoungGen      total 7168K, used 6664K [0x00000000eab00000, 0x00000000eb580000, 0x0000000100000000)
  eden space 4096K, 99% used [0x00000000eab00000,0x00000000eaeff448,0x00000000eaf00000)
  from space 3072K, 83% used [0x00000000eb280000,0x00000000eb502f40,0x00000000eb580000)
  to   space 3072K, 0% used [0x00000000eaf80000,0x00000000eaf80000,0x00000000eb280000)
 ParOldGen       total 664064K, used 228257K [0x00000000c0000000, 0x00000000e8880000, 0x00000000eab00000)
  object space 664064K, 34% used [0x00000000c0000000,0x00000000cdee8630,0x00000000e8880000)
 Metaspace       used 60967K, committed 62336K, reserved 1114112K
  class space    used 6419K, committed 7040K, reserved 1048576K
}
Event: 64.314 GC heap after
{Heap after GC invocations=852 (full 3):
 PSYoungGen      total 6656K, used 2543K [0x00000000eab00000, 0x00000000eb500000, 0x0000000100000000)
  eden space 4096K, 0% used [0x00000000eab00000,0x00000000eab00000,0x00000000eaf00000)
  from space 2560K, 99% used [0x00000000eaf80000,0x00000000eb1fbfd0,0x00000000eb200000)
  to   space 3072K, 0% used [0x00000000eb200000,0x00000000eb200000,0x00000000eb500000)
 ParOldGen       total 664064K, used 230718K [0x00000000c0000000, 0x00000000e8880000, 0x00000000eab00000)
  object space 664064K, 34% used [0x00000000c0000000,0x00000000ce14f9a8,0x00000000e8880000)
 Metaspace       used 60967K, committed 62336K, reserved 1114112K
  class space    used 6419K, committed 7040K, reserved 1048576K
}
Event: 64.392 GC heap before
{Heap before GC invocations=853 (full 3):
 PSYoungGen      total 6656K, used 6639K [0x00000000eab00000, 0x00000000eb500000, 0x0000000100000000)
  eden space 4096K, 100% used [0x00000000eab00000,0x00000000eaf00000,0x00000000eaf00000)
  from space 2560K, 99% used [0x00000000eaf80000,0x00000000eb1fbfd0,0x00000000eb200000)
  to   space 3072K, 0% used [0x00000000eb200000,0x00000000eb200000,0x00000000eb500000)
 ParOldGen       total 664064K, used 230718K [0x00000000c0000000, 0x00000000e8880000, 0x00000000eab00000)
  object space 664064K, 34% used [0x00000000c0000000,0x00000000ce14f9a8,0x00000000e8880000)
 Metaspace       used 61294K, committed 62656K, reserved 1114112K
  class space    used 6450K, committed 7040K, reserved 1048576K
}
Event: 64.396 GC heap after
{Heap after GC invocations=853 (full 3):
 PSYoungGen      total 5632K, used 1523K [0x00000000eab00000, 0x00000000eb380000, 0x0000000100000000)
  eden space 4096K, 0% used [0x00000000eab00000,0x00000000eab00000,0x00000000eaf00000)
  from space 1536K, 99% used [0x00000000eb200000,0x00000000eb37cfd0,0x00000000eb380000)
  to   space 2048K, 0% used [0x00000000eaf80000,0x00000000eaf80000,0x00000000eb180000)
 ParOldGen       total 664064K, used 232982K [0x00000000c0000000, 0x00000000e8880000, 0x00000000eab00000)
  object space 664064K, 35% used [0x00000000c0000000,0x00000000ce385940,0x00000000e8880000)
 Metaspace       used 61294K, committed 62656K, reserved 1114112K
  class space    used 6450K, committed 7040K, reserved 1048576K
}

