# JRE version: Java(TM) SE Runtime Environment (21.0.5+9) (build 21.0.5+9-LTS-239)
# Java VM: Java HotSpot(TM) 64-Bit Server VM (21.0.5+9-LTS-239, mixed mode, sharing, tiered, compressed oops, compressed class ptrs, g1 gc, windows-amd64)
GC Precious Log:
 CardTable entry size: 512
 Card Set container configuration: InlinePtr #cards 5 size 8 Array Of Cards #cards 12 size 40 Howl #buckets 4 coarsen threshold 1843 Howl Bitmap #cards 512 size 80 coarsen threshold 460 Card regions per heap region 1 cards per card region 2048
 CPUs: 8 total, 8 available
 Memory: 7991M
 Large Page Support: Disabled
 NUMA Support: Disabled
 Compressed Oops: Enabled (32-bit)
 Heap Region Size: 1M
 Heap Min Capacity: 8M
 Heap Initial Capacity: 126M
 Heap Max Capacity: 1998M
 Pre-touch: Disabled
 Parallel Workers: 8
 Concurrent Workers: 2
 Concurrent Refinement Workers: 8
 Periodic GC: Disabled
Heap:
 garbage-first heap   total 89088K, used 42779K [0x0000000083200000, 0x0000000100000000)
  region size 1024K, 11 young (11264K), 3 survivors (3072K)
 Metaspace       used 30127K, committed 30528K, reserved 1114112K
  class space    used 3238K, committed 3456K, reserved 1048576K
GC Heap History (20 events):
Event: 15.543 GC heap before
{Heap before GC invocations=9 (full 0):
 garbage-first heap   total 61440K, used 50217K [0x0000000083200000, 0x0000000100000000)
  region size 1024K, 35 young (35840K), 4 survivors (4096K)
 Metaspace       used 25145K, committed 25408K, reserved 1114112K
  class space    used 2761K, committed 2880K, reserved 1048576K
}
Event: 15.549 GC heap after
{Heap after GC invocations=10 (full 0):
 garbage-first heap   total 61440K, used 22561K [0x0000000083200000, 0x0000000100000000)
  region size 1024K, 5 young (5120K), 5 survivors (5120K)
 Metaspace       used 25145K, committed 25408K, reserved 1114112K
  class space    used 2761K, committed 2880K, reserved 1048576K
}
Event: 15.854 GC heap before
{Heap before GC invocations=10 (full 0):
 garbage-first heap   total 61440K, used 50209K [0x0000000083200000, 0x0000000100000000)
  region size 1024K, 32 young (32768K), 5 survivors (5120K)
 Metaspace       used 25316K, committed 25600K, reserved 1114112K
  class space    used 2775K, committed 2880K, reserved 1048576K
}
Event: 15.861 GC heap after
{Heap after GC invocations=11 (full 0):
 garbage-first heap   total 61440K, used 23264K [0x0000000083200000, 0x0000000100000000)
  region size 1024K, 2 young (2048K), 2 survivors (2048K)
 Metaspace       used 25316K, committed 25600K, reserved 1114112K
  class space    used 2775K, committed 2880K, reserved 1048576K
}
Event: 16.096 GC heap before
{Heap before GC invocations=11 (full 0):
 garbage-first heap   total 61440K, used 50912K [0x0000000083200000, 0x0000000100000000)
  region size 1024K, 29 young (29696K), 2 survivors (2048K)
 Metaspace       used 25348K, committed 25600K, reserved 1114112K
  class space    used 2775K, committed 2880K, reserved 1048576K
}
Event: 16.101 GC heap after
{Heap after GC invocations=12 (full 0):
 garbage-first heap   total 61440K, used 23933K [0x0000000083200000, 0x0000000100000000)
  region size 1024K, 3 young (3072K), 3 survivors (3072K)
 Metaspace       used 25348K, committed 25600K, reserved 1114112K
  class space    used 2775K, committed 2880K, reserved 1048576K
}
Event: 16.460 GC heap before
{Heap before GC invocations=12 (full 0):
 garbage-first heap   total 61440K, used 52605K [0x0000000083200000, 0x0000000100000000)
  region size 1024K, 31 young (31744K), 3 survivors (3072K)
 Metaspace       used 25484K, committed 25792K, reserved 1114112K
  class space    used 2775K, committed 2880K, reserved 1048576K
}
Event: 16.465 GC heap after
{Heap after GC invocations=13 (full 0):
 garbage-first heap   total 73728K, used 24094K [0x0000000083200000, 0x0000000100000000)
  region size 1024K, 1 young (1024K), 1 survivors (1024K)
 Metaspace       used 25484K, committed 25792K, reserved 1114112K
  class space    used 2775K, committed 2880K, reserved 1048576K
}
Event: 16.771 GC heap before
{Heap before GC invocations=13 (full 0):
 garbage-first heap   total 73728K, used 64030K [0x0000000083200000, 0x0000000100000000)
  region size 1024K, 40 young (40960K), 1 survivors (1024K)
 Metaspace       used 25508K, committed 25856K, reserved 1114112K
  class space    used 2775K, committed 2880K, reserved 1048576K
}
Event: 16.774 GC heap after
{Heap after GC invocations=14 (full 0):
 garbage-first heap   total 73728K, used 24896K [0x0000000083200000, 0x0000000100000000)
  region size 1024K, 2 young (2048K), 2 survivors (2048K)
 Metaspace       used 25508K, committed 25856K, reserved 1114112K
  class space    used 2775K, committed 2880K, reserved 1048576K
}
Event: 17.214 GC heap before
{Heap before GC invocations=14 (full 0):
 garbage-first heap   total 73728K, used 65856K [0x0000000083200000, 0x0000000100000000)
  region size 1024K, 42 young (43008K), 2 survivors (2048K)
 Metaspace       used 25608K, committed 25984K, reserved 1114112K
  class space    used 2777K, committed 2944K, reserved 1048576K
}
Event: 17.218 GC heap after
{Heap after GC invocations=15 (full 0):
 garbage-first heap   total 73728K, used 25733K [0x0000000083200000, 0x0000000100000000)
  region size 1024K, 3 young (3072K), 3 survivors (3072K)
 Metaspace       used 25608K, committed 25984K, reserved 1114112K
  class space    used 2777K, committed 2944K, reserved 1048576K
}
Event: 18.002 GC heap before
{Heap before GC invocations=15 (full 0):
 garbage-first heap   total 73728K, used 64645K [0x0000000083200000, 0x0000000100000000)
  region size 1024K, 41 young (41984K), 3 survivors (3072K)
 Metaspace       used 27442K, committed 27840K, reserved 1114112K
  class space    used 2964K, committed 3200K, reserved 1048576K
}
Event: 18.010 GC heap after
{Heap after GC invocations=16 (full 0):
 garbage-first heap   total 73728K, used 28190K [0x0000000083200000, 0x0000000100000000)
  region size 1024K, 5 young (5120K), 5 survivors (5120K)
 Metaspace       used 27442K, committed 27840K, reserved 1114112K
  class space    used 2964K, committed 3200K, reserved 1048576K
}
Event: 18.670 GC heap before
{Heap before GC invocations=16 (full 0):
 garbage-first heap   total 73728K, used 63006K [0x0000000083200000, 0x0000000100000000)
  region size 1024K, 39 young (39936K), 5 survivors (5120K)
 Metaspace       used 30073K, committed 30528K, reserved 1114112K
  class space    used 3238K, committed 3456K, reserved 1048576K
}
Event: 18.687 GC heap after
{Heap after GC invocations=17 (full 0):
 garbage-first heap   total 73728K, used 32253K [0x0000000083200000, 0x0000000100000000)
  region size 1024K, 5 young (5120K), 5 survivors (5120K)
 Metaspace       used 30073K, committed 30528K, reserved 1114112K
  class space    used 3238K, committed 3456K, reserved 1048576K
}
Event: 19.052 GC heap before
{Heap before GC invocations=17 (full 0):
 garbage-first heap   total 73728K, used 62973K [0x0000000083200000, 0x0000000100000000)
  region size 1024K, 35 young (35840K), 5 survivors (5120K)
 Metaspace       used 30095K, committed 30528K, reserved 1114112K
  class space    used 3238K, committed 3456K, reserved 1048576K
}
Event: 19.063 GC heap after
{Heap after GC invocations=18 (full 0):
 garbage-first heap   total 73728K, used 34485K [0x0000000083200000, 0x0000000100000000)
  region size 1024K, 2 young (2048K), 2 survivors (2048K)
 Metaspace       used 30095K, committed 30528K, reserved 1114112K
  class space    used 3238K, committed 3456K, reserved 1048576K
}
Event: 19.367 GC heap before
{Heap before GC invocations=18 (full 0):
 garbage-first heap   total 73728K, used 65205K [0x0000000083200000, 0x0000000100000000)
  region size 1024K, 32 young (32768K), 2 survivors (2048K)
 Metaspace       used 30127K, committed 30528K, reserved 1114112K
  class space    used 3238K, committed 3456K, reserved 1048576K
}
Event: 19.371 GC heap after
{Heap after GC invocations=19 (full 0):
 garbage-first heap   total 89088K, used 35611K [0x0000000083200000, 0x0000000100000000)
  region size 1024K, 3 young (3072K), 3 survivors (3072K)
 Metaspace       used 30127K, committed 30528K, reserved 1114112K
  class space    used 3238K, committed 3456K, reserved 1048576K
}

