# JRE version: Java(TM) SE Runtime Environment (21.0.5+9) (build 21.0.5+9-LTS-239)
# Java VM: Java HotSpot(TM) 64-Bit Server VM (21.0.5+9-LTS-239, mixed mode, sharing, tiered, compressed oops, compressed class ptrs, g1 gc, windows-amd64)
GC Precious Log:
 CardTable entry size: 512
 Card Set container configuration: InlinePtr #cards 5 size 8 Array Of Cards #cards 12 size 40 Howl #buckets 4 coarsen threshold 1843 Howl Bitmap #cards 512 size 80 coarsen threshold 460 Card regions per heap region 1 cards per card region 2048
 CPUs: 8 total, 8 available
 Memory: 7991M
 Large Page Support: Disabled
 NUMA Support: Disabled
 Compressed Oops: Enabled (32-bit)
 Heap Region Size: 1M
 Heap Min Capacity: 8M
 Heap Initial Capacity: 126M
 Heap Max Capacity: 1998M
 Pre-touch: Disabled
 Parallel Workers: 8
 Concurrent Workers: 2
 Concurrent Refinement Workers: 8
 Periodic GC: Disabled
Heap:
 garbage-first heap   total 266240K, used 155919K [0x0000000083200000, 0x0000000100000000)
  region size 1024K, 55 young (56320K), 10 survivors (10240K)
 Metaspace       used 49622K, committed 50304K, reserved 1114112K
  class space    used 5436K, committed 5760K, reserved 1048576K
GC Heap History (20 events):
Event: 14.070 GC heap before
{Heap before GC invocations=19 (full 0):
 garbage-first heap   total 221184K, used 168448K [0x0000000083200000, 0x0000000100000000)
  region size 1024K, 67 young (68608K), 13 survivors (13312K)
 Metaspace       used 35537K, committed 36160K, reserved 1114112K
  class space    used 3854K, committed 4160K, reserved 1048576K
}
Event: 14.091 GC heap after
{Heap after GC invocations=20 (full 0):
 garbage-first heap   total 221184K, used 126976K [0x0000000083200000, 0x0000000100000000)
  region size 1024K, 10 young (10240K), 10 survivors (10240K)
 Metaspace       used 35537K, committed 36160K, reserved 1114112K
  class space    used 3854K, committed 4160K, reserved 1048576K
}
Event: 14.997 GC heap before
{Heap before GC invocations=21 (full 0):
 garbage-first heap   total 221184K, used 177152K [0x0000000083200000, 0x0000000100000000)
  region size 1024K, 64 young (65536K), 10 survivors (10240K)
 Metaspace       used 35997K, committed 36608K, reserved 1114112K
  class space    used 3883K, committed 4160K, reserved 1048576K
}
Event: 15.009 GC heap after
{Heap after GC invocations=22 (full 0):
 garbage-first heap   total 221184K, used 121217K [0x0000000083200000, 0x0000000100000000)
  region size 1024K, 6 young (6144K), 6 survivors (6144K)
 Metaspace       used 35997K, committed 36608K, reserved 1114112K
  class space    used 3883K, committed 4160K, reserved 1048576K
}
Event: 15.548 GC heap before
{Heap before GC invocations=22 (full 0):
 garbage-first heap   total 221184K, used 182657K [0x0000000083200000, 0x0000000100000000)
  region size 1024K, 66 young (67584K), 6 survivors (6144K)
 Metaspace       used 35997K, committed 36608K, reserved 1114112K
  class space    used 3883K, committed 4160K, reserved 1048576K
}
Event: 15.556 GC heap after
{Heap after GC invocations=23 (full 0):
 garbage-first heap   total 221184K, used 117615K [0x0000000083200000, 0x0000000100000000)
  region size 1024K, 7 young (7168K), 7 survivors (7168K)
 Metaspace       used 35997K, committed 36608K, reserved 1114112K
  class space    used 3883K, committed 4160K, reserved 1048576K
}
Event: 15.973 GC heap before
{Heap before GC invocations=23 (full 0):
 garbage-first heap   total 221184K, used 185199K [0x0000000083200000, 0x0000000100000000)
  region size 1024K, 73 young (74752K), 7 survivors (7168K)
 Metaspace       used 36000K, committed 36608K, reserved 1114112K
  class space    used 3883K, committed 4160K, reserved 1048576K
}
Event: 15.979 GC heap after
{Heap after GC invocations=24 (full 0):
 garbage-first heap   total 221184K, used 119617K [0x0000000083200000, 0x0000000100000000)
  region size 1024K, 5 young (5120K), 5 survivors (5120K)
 Metaspace       used 36000K, committed 36608K, reserved 1114112K
  class space    used 3883K, committed 4160K, reserved 1048576K
}
Event: 16.605 GC heap before
{Heap before GC invocations=25 (full 0):
 garbage-first heap   total 221184K, used 193345K [0x0000000083200000, 0x0000000100000000)
  region size 1024K, 74 young (75776K), 5 survivors (5120K)
 Metaspace       used 36031K, committed 36672K, reserved 1114112K
  class space    used 3885K, committed 4160K, reserved 1048576K
}
Event: 16.611 GC heap after
{Heap after GC invocations=26 (full 0):
 garbage-first heap   total 221184K, used 126903K [0x0000000083200000, 0x0000000100000000)
  region size 1024K, 9 young (9216K), 9 survivors (9216K)
 Metaspace       used 36031K, committed 36672K, reserved 1114112K
  class space    used 3885K, committed 4160K, reserved 1048576K
}
Event: 16.840 GC heap before
{Heap before GC invocations=26 (full 0):
 garbage-first heap   total 221184K, used 194487K [0x0000000083200000, 0x0000000100000000)
  region size 1024K, 75 young (76800K), 9 survivors (9216K)
 Metaspace       used 36049K, committed 36672K, reserved 1114112K
  class space    used 3885K, committed 4160K, reserved 1048576K
}
Event: 16.851 GC heap after
{Heap after GC invocations=27 (full 0):
 garbage-first heap   total 221184K, used 110163K [0x0000000083200000, 0x0000000100000000)
  region size 1024K, 10 young (10240K), 10 survivors (10240K)
 Metaspace       used 36049K, committed 36672K, reserved 1114112K
  class space    used 3885K, committed 4160K, reserved 1048576K
}
Event: 16.932 GC heap before
{Heap before GC invocations=27 (full 0):
 garbage-first heap   total 221184K, used 189011K [0x0000000083200000, 0x0000000100000000)
  region size 1024K, 88 young (90112K), 10 survivors (10240K)
 Metaspace       used 36051K, committed 36672K, reserved 1114112K
  class space    used 3885K, committed 4160K, reserved 1048576K
}
Event: 16.939 GC heap after
{Heap after GC invocations=28 (full 0):
 garbage-first heap   total 221184K, used 104962K [0x0000000083200000, 0x0000000100000000)
  region size 1024K, 2 young (2048K), 2 survivors (2048K)
 Metaspace       used 36051K, committed 36672K, reserved 1114112K
  class space    used 3885K, committed 4160K, reserved 1048576K
}
Event: 17.222 GC heap before
{Heap before GC invocations=28 (full 0):
 garbage-first heap   total 221184K, used 190978K [0x0000000083200000, 0x0000000100000000)
  region size 1024K, 87 young (89088K), 2 survivors (2048K)
 Metaspace       used 36079K, committed 36672K, reserved 1114112K
  class space    used 3885K, committed 4160K, reserved 1048576K
}
Event: 17.226 GC heap after
{Heap after GC invocations=29 (full 0):
 garbage-first heap   total 221184K, used 106938K [0x0000000083200000, 0x0000000100000000)
  region size 1024K, 4 young (4096K), 4 survivors (4096K)
 Metaspace       used 36079K, committed 36672K, reserved 1114112K
  class space    used 3885K, committed 4160K, reserved 1048576K
}
Event: 17.768 GC heap before
{Heap before GC invocations=29 (full 0):
 garbage-first heap   total 221184K, used 180666K [0x0000000083200000, 0x0000000100000000)
  region size 1024K, 77 young (78848K), 4 survivors (4096K)
 Metaspace       used 36701K, committed 37312K, reserved 1114112K
  class space    used 3940K, committed 4224K, reserved 1048576K
}
Event: 17.773 GC heap after
{Heap after GC invocations=30 (full 0):
 garbage-first heap   total 221184K, used 108791K [0x0000000083200000, 0x0000000100000000)
  region size 1024K, 6 young (6144K), 6 survivors (6144K)
 Metaspace       used 36701K, committed 37312K, reserved 1114112K
  class space    used 3940K, committed 4224K, reserved 1048576K
}
Event: 19.039 GC heap before
{Heap before GC invocations=31 (full 0):
 garbage-first heap   total 221184K, used 204023K [0x0000000083200000, 0x0000000100000000)
  region size 1024K, 93 young (95232K), 6 survivors (6144K)
 Metaspace       used 36782K, committed 37376K, reserved 1114112K
  class space    used 3955K, committed 4224K, reserved 1048576K
}
Event: 19.046 GC heap after
{Heap after GC invocations=32 (full 0):
 garbage-first heap   total 266240K, used 111887K [0x0000000083200000, 0x0000000100000000)
  region size 1024K, 10 young (10240K), 10 survivors (10240K)
 Metaspace       used 36782K, committed 37376K, reserved 1114112K
  class space    used 3955K, committed 4224K, reserved 1048576K
}

